2018-01-31 17:42:02,843 [Worker-2] INFO  c.g.t.t.d.PublishedGradleVersions - Gradle version information cache is up-to-date. Trying to read.
2018-01-31 17:43:24,055 [Worker-5] INFO  o.e.m.c.i.l.LifecycleMappingFactory - Using org.eclipse.m2e.jdt.JarLifecycleMapping lifecycle mapping for MavenProject: com.example:Route:0.0.1-SNAPSHOT @ D:\workspace2\Route\pom.xml.
2018-01-31 17:43:24,055 [Worker-3] INFO  o.e.m.c.i.l.LifecycleMappingFactory - Using org.eclipse.m2e.jdt.JarLifecycleMapping lifecycle mapping for MavenProject: com.example:Route:0.0.1-SNAPSHOT @ D:\workspace2\Route\pom.xml.
2018-01-31 17:43:29,960 [Worker-3] INFO  o.e.m.c.i.embedder.EclipseLogger - Using 'UTF-8' encoding to copy filtered resources.
2018-01-31 17:43:29,960 [Worker-3] INFO  o.e.m.c.i.embedder.EclipseLogger - skip non existing resourceDirectory D:\workspace2\Route\src\main\resources
2018-01-31 17:43:29,961 [Worker-3] INFO  o.e.m.c.i.embedder.EclipseLogger - skip non existing resourceDirectory D:\workspace2\Route\src\main\resources
2018-01-31 17:43:29,965 [Worker-3] INFO  o.e.m.c.i.embedder.EclipseLogger - Using 'UTF-8' encoding to copy filtered resources.
2018-01-31 17:43:29,966 [Worker-3] INFO  o.e.m.c.i.embedder.EclipseLogger - skip non existing resourceDirectory D:\workspace2\Route\src\test\resources
2018-01-31 17:43:34,024 [Worker-12] INFO  o.e.m.c.i.l.LifecycleMappingFactory - Using org.eclipse.m2e.jdt.JarLifecycleMapping lifecycle mapping for MavenProject: com.example:Route:0.0.1-SNAPSHOT @ D:\workspace2\Route\pom.xml.
2018-01-31 17:43:34,639 [Worker-3] INFO  o.e.m.c.i.embedder.EclipseLogger - Using 'UTF-8' encoding to copy filtered resources.
2018-01-31 17:43:34,639 [Worker-3] INFO  o.e.m.c.i.embedder.EclipseLogger - skip non existing resourceDirectory D:\workspace2\Route\src\main\resources
2018-01-31 17:43:34,640 [Worker-3] INFO  o.e.m.c.i.embedder.EclipseLogger - skip non existing resourceDirectory D:\workspace2\Route\src\main\resources
2018-01-31 17:43:34,645 [Worker-3] INFO  o.e.m.c.i.embedder.EclipseLogger - Using 'UTF-8' encoding to copy filtered resources.
2018-01-31 17:43:34,646 [Worker-3] INFO  o.e.m.c.i.embedder.EclipseLogger - skip non existing resourceDirectory D:\workspace2\Route\src\test\resources
2018-01-31 17:43:37,597 [Worker-0] INFO  o.e.m.c.i.embedder.EclipseLogger - Using 'UTF-8' encoding to copy filtered resources.
2018-01-31 17:43:37,597 [Worker-0] INFO  o.e.m.c.i.embedder.EclipseLogger - skip non existing resourceDirectory D:\workspace2\Route\src\main\resources
2018-01-31 17:43:37,597 [Worker-0] INFO  o.e.m.c.i.embedder.EclipseLogger - skip non existing resourceDirectory D:\workspace2\Route\src\main\resources
2018-01-31 17:43:37,602 [Worker-0] INFO  o.e.m.c.i.embedder.EclipseLogger - Using 'UTF-8' encoding to copy filtered resources.
2018-01-31 17:43:37,602 [Worker-0] INFO  o.e.m.c.i.embedder.EclipseLogger - skip non existing resourceDirectory D:\workspace2\Route\src\test\resources
2018-01-31 17:43:59,395 [Worker-15] INFO  o.e.m.c.i.p.ProjectConfigurationManager - Update started
2018-01-31 17:44:02,114 [Worker-15] INFO  o.e.m.c.i.l.LifecycleMappingFactory - Using org.eclipse.m2e.jdt.JarLifecycleMapping lifecycle mapping for MavenProject: com.example:Route:0.0.1-SNAPSHOT @ D:\workspace2\Route\pom.xml.
2018-01-31 17:44:03,589 [Worker-15] INFO  o.e.m.j.i.AbstractJavaProjectConfigurator - Adding source folder /Route/src/main/java
2018-01-31 17:44:03,591 [Worker-15] INFO  o.e.m.j.i.AbstractJavaProjectConfigurator - Adding source folder /Route/src/test/java
2018-01-31 17:44:04,197 [Worker-15] INFO  o.e.m.c.i.p.ProjectConfigurationManager - Update completed: 4 sec
2018-01-31 17:44:07,592 [Worker-11] INFO  o.e.m.c.i.embedder.EclipseLogger - Using 'UTF-8' encoding to copy filtered resources.
2018-01-31 17:44:07,593 [Worker-11] INFO  o.e.m.c.i.embedder.EclipseLogger - skip non existing resourceDirectory D:\workspace2\Route\src\main\resources
2018-01-31 17:44:07,593 [Worker-11] INFO  o.e.m.c.i.embedder.EclipseLogger - skip non existing resourceDirectory D:\workspace2\Route\src\main\resources
2018-01-31 17:44:07,599 [Worker-11] INFO  o.e.m.c.i.embedder.EclipseLogger - Using 'UTF-8' encoding to copy filtered resources.
2018-01-31 17:44:07,600 [Worker-11] INFO  o.e.m.c.i.embedder.EclipseLogger - skip non existing resourceDirectory D:\workspace2\Route\src\test\resources
2018-01-31 17:44:46,089 [Worker-3] INFO  o.e.m.c.i.embedder.EclipseLogger - Using 'UTF-8' encoding to copy filtered resources.
2018-01-31 17:44:46,090 [Worker-3] INFO  o.e.m.c.i.embedder.EclipseLogger - skip non existing resourceDirectory D:\workspace2\Route\src\main\resources
2018-01-31 17:44:46,090 [Worker-3] INFO  o.e.m.c.i.embedder.EclipseLogger - skip non existing resourceDirectory D:\workspace2\Route\src\main\resources
2018-01-31 17:44:46,094 [Worker-3] INFO  o.e.m.c.i.embedder.EclipseLogger - Using 'UTF-8' encoding to copy filtered resources.
2018-01-31 17:44:46,094 [Worker-3] INFO  o.e.m.c.i.embedder.EclipseLogger - skip non existing resourceDirectory D:\workspace2\Route\src\test\resources
2018-01-31 17:45:54,170 [Worker-18] INFO  o.e.m.c.i.embedder.EclipseLogger - Using 'UTF-8' encoding to copy filtered resources.
2018-01-31 17:45:54,170 [Worker-18] INFO  o.e.m.c.i.embedder.EclipseLogger - skip non existing resourceDirectory D:\workspace2\Route\src\main\resources
2018-01-31 17:45:54,171 [Worker-18] INFO  o.e.m.c.i.embedder.EclipseLogger - skip non existing resourceDirectory D:\workspace2\Route\src\main\resources
2018-01-31 17:45:54,175 [Worker-18] INFO  o.e.m.c.i.embedder.EclipseLogger - Using 'UTF-8' encoding to copy filtered resources.
2018-01-31 17:45:54,177 [Worker-18] INFO  o.e.m.c.i.embedder.EclipseLogger - skip non existing resourceDirectory D:\workspace2\Route\src\test\resources
2018-01-31 17:46:50,592 [Worker-1] INFO  o.e.m.c.i.embedder.EclipseLogger - Using 'UTF-8' encoding to copy filtered resources.
2018-01-31 17:46:50,592 [Worker-1] INFO  o.e.m.c.i.embedder.EclipseLogger - skip non existing resourceDirectory D:\workspace2\Route\src\main\resources
2018-01-31 17:46:50,592 [Worker-1] INFO  o.e.m.c.i.embedder.EclipseLogger - skip non existing resourceDirectory D:\workspace2\Route\src\main\resources
2018-01-31 17:46:50,599 [Worker-1] INFO  o.e.m.c.i.embedder.EclipseLogger - Using 'UTF-8' encoding to copy filtered resources.
2018-01-31 17:46:50,600 [Worker-1] INFO  o.e.m.c.i.embedder.EclipseLogger - skip non existing resourceDirectory D:\workspace2\Route\src\test\resources
2018-01-31 17:47:24,757 [Worker-2] INFO  o.e.m.c.i.embedder.EclipseLogger - Using 'UTF-8' encoding to copy filtered resources.
2018-01-31 17:47:24,757 [Worker-2] INFO  o.e.m.c.i.embedder.EclipseLogger - skip non existing resourceDirectory D:\workspace2\Route\src\main\resources
2018-01-31 17:47:24,757 [Worker-2] INFO  o.e.m.c.i.embedder.EclipseLogger - skip non existing resourceDirectory D:\workspace2\Route\src\main\resources
2018-01-31 17:47:24,762 [Worker-2] INFO  o.e.m.c.i.embedder.EclipseLogger - Using 'UTF-8' encoding to copy filtered resources.
2018-01-31 17:47:24,762 [Worker-2] INFO  o.e.m.c.i.embedder.EclipseLogger - skip non existing resourceDirectory D:\workspace2\Route\src\test\resources
2018-01-31 17:47:51,324 [Worker-3] INFO  o.e.m.c.i.embedder.EclipseLogger - Using 'UTF-8' encoding to copy filtered resources.
2018-01-31 17:47:51,324 [Worker-3] INFO  o.e.m.c.i.embedder.EclipseLogger - skip non existing resourceDirectory D:\workspace2\Route\src\main\resources
2018-01-31 17:47:51,324 [Worker-3] INFO  o.e.m.c.i.embedder.EclipseLogger - skip non existing resourceDirectory D:\workspace2\Route\src\main\resources
2018-01-31 17:47:51,331 [Worker-3] INFO  o.e.m.c.i.embedder.EclipseLogger - Using 'UTF-8' encoding to copy filtered resources.
2018-01-31 17:47:51,332 [Worker-3] INFO  o.e.m.c.i.embedder.EclipseLogger - skip non existing resourceDirectory D:\workspace2\Route\src\test\resources
2018-01-31 17:48:22,007 [Worker-6] INFO  o.e.m.c.i.embedder.EclipseLogger - Using 'UTF-8' encoding to copy filtered resources.
2018-01-31 17:48:22,007 [Worker-6] INFO  o.e.m.c.i.embedder.EclipseLogger - skip non existing resourceDirectory D:\workspace2\Route\src\main\resources
2018-01-31 17:48:22,007 [Worker-6] INFO  o.e.m.c.i.embedder.EclipseLogger - skip non existing resourceDirectory D:\workspace2\Route\src\main\resources
2018-01-31 17:48:22,013 [Worker-6] INFO  o.e.m.c.i.embedder.EclipseLogger - Using 'UTF-8' encoding to copy filtered resources.
2018-01-31 17:48:22,014 [Worker-6] INFO  o.e.m.c.i.embedder.EclipseLogger - skip non existing resourceDirectory D:\workspace2\Route\src\test\resources
2018-01-31 17:48:42,852 [Worker-5] INFO  o.e.m.c.i.embedder.EclipseLogger - Using 'UTF-8' encoding to copy filtered resources.
2018-01-31 17:48:42,853 [Worker-5] INFO  o.e.m.c.i.embedder.EclipseLogger - skip non existing resourceDirectory D:\workspace2\Route\src\main\resources
2018-01-31 17:48:42,854 [Worker-5] INFO  o.e.m.c.i.embedder.EclipseLogger - skip non existing resourceDirectory D:\workspace2\Route\src\main\resources
2018-01-31 17:48:42,863 [Worker-5] INFO  o.e.m.c.i.embedder.EclipseLogger - Using 'UTF-8' encoding to copy filtered resources.
2018-01-31 17:48:42,863 [Worker-5] INFO  o.e.m.c.i.embedder.EclipseLogger - skip non existing resourceDirectory D:\workspace2\Route\src\test\resources
2018-01-31 17:49:01,110 [Worker-14] INFO  o.e.m.c.i.embedder.EclipseLogger - Using 'UTF-8' encoding to copy filtered resources.
2018-01-31 17:49:01,111 [Worker-14] INFO  o.e.m.c.i.embedder.EclipseLogger - skip non existing resourceDirectory D:\workspace2\Route\src\main\resources
2018-01-31 17:49:01,111 [Worker-14] INFO  o.e.m.c.i.embedder.EclipseLogger - skip non existing resourceDirectory D:\workspace2\Route\src\main\resources
2018-01-31 17:49:01,115 [Worker-14] INFO  o.e.m.c.i.embedder.EclipseLogger - Using 'UTF-8' encoding to copy filtered resources.
2018-01-31 17:49:01,116 [Worker-14] INFO  o.e.m.c.i.embedder.EclipseLogger - skip non existing resourceDirectory D:\workspace2\Route\src\test\resources
2018-01-31 17:49:54,434 [Worker-9] INFO  o.e.m.c.i.embedder.EclipseLogger - Using 'UTF-8' encoding to copy filtered resources.
2018-01-31 17:49:54,434 [Worker-9] INFO  o.e.m.c.i.embedder.EclipseLogger - skip non existing resourceDirectory D:\workspace2\Route\src\main\resources
2018-01-31 17:49:54,434 [Worker-9] INFO  o.e.m.c.i.embedder.EclipseLogger - skip non existing resourceDirectory D:\workspace2\Route\src\main\resources
2018-01-31 17:49:54,439 [Worker-9] INFO  o.e.m.c.i.embedder.EclipseLogger - Using 'UTF-8' encoding to copy filtered resources.
2018-01-31 17:49:54,439 [Worker-9] INFO  o.e.m.c.i.embedder.EclipseLogger - skip non existing resourceDirectory D:\workspace2\Route\src\test\resources
2018-01-31 17:51:51,626 [Worker-1] INFO  o.e.m.c.i.embedder.EclipseLogger - Using 'UTF-8' encoding to copy filtered resources.
2018-01-31 17:51:51,627 [Worker-1] INFO  o.e.m.c.i.embedder.EclipseLogger - skip non existing resourceDirectory D:\workspace2\Route\src\main\resources
2018-01-31 17:51:51,627 [Worker-1] INFO  o.e.m.c.i.embedder.EclipseLogger - skip non existing resourceDirectory D:\workspace2\Route\src\main\resources
2018-01-31 17:51:51,639 [Worker-1] INFO  o.e.m.c.i.embedder.EclipseLogger - Using 'UTF-8' encoding to copy filtered resources.
2018-01-31 17:51:51,646 [Worker-1] INFO  o.e.m.c.i.embedder.EclipseLogger - skip non existing resourceDirectory D:\workspace2\Route\src\test\resources
2018-01-31 17:53:19,196 [Worker-4] INFO  o.e.m.c.i.embedder.EclipseLogger - Using 'UTF-8' encoding to copy filtered resources.
2018-01-31 17:53:19,196 [Worker-4] INFO  o.e.m.c.i.embedder.EclipseLogger - skip non existing resourceDirectory D:\workspace2\Route\src\main\resources
2018-01-31 17:53:19,197 [Worker-4] INFO  o.e.m.c.i.embedder.EclipseLogger - skip non existing resourceDirectory D:\workspace2\Route\src\main\resources
2018-01-31 17:53:19,200 [Worker-4] INFO  o.e.m.c.i.embedder.EclipseLogger - Using 'UTF-8' encoding to copy filtered resources.
2018-01-31 17:53:19,201 [Worker-4] INFO  o.e.m.c.i.embedder.EclipseLogger - skip non existing resourceDirectory D:\workspace2\Route\src\test\resources
2018-01-31 17:54:11,547 [Worker-11] INFO  o.e.m.c.i.embedder.EclipseLogger - Using 'UTF-8' encoding to copy filtered resources.
2018-01-31 17:54:11,548 [Worker-11] INFO  o.e.m.c.i.embedder.EclipseLogger - skip non existing resourceDirectory D:\workspace2\Route\src\main\resources
2018-01-31 17:54:11,548 [Worker-11] INFO  o.e.m.c.i.embedder.EclipseLogger - skip non existing resourceDirectory D:\workspace2\Route\src\main\resources
2018-01-31 17:54:11,552 [Worker-11] INFO  o.e.m.c.i.embedder.EclipseLogger - Using 'UTF-8' encoding to copy filtered resources.
2018-01-31 17:54:11,553 [Worker-11] INFO  o.e.m.c.i.embedder.EclipseLogger - skip non existing resourceDirectory D:\workspace2\Route\src\test\resources
2018-01-31 17:54:31,193 [Worker-16] INFO  o.e.m.c.i.embedder.EclipseLogger - Using 'UTF-8' encoding to copy filtered resources.
2018-01-31 17:54:31,194 [Worker-16] INFO  o.e.m.c.i.embedder.EclipseLogger - skip non existing resourceDirectory D:\workspace2\Route\src\main\resources
2018-01-31 17:54:31,194 [Worker-16] INFO  o.e.m.c.i.embedder.EclipseLogger - skip non existing resourceDirectory D:\workspace2\Route\src\main\resources
2018-01-31 17:54:31,198 [Worker-16] INFO  o.e.m.c.i.embedder.EclipseLogger - Using 'UTF-8' encoding to copy filtered resources.
2018-01-31 17:54:31,199 [Worker-16] INFO  o.e.m.c.i.embedder.EclipseLogger - skip non existing resourceDirectory D:\workspace2\Route\src\test\resources
2018-01-31 17:56:08,863 [Worker-5] INFO  o.e.m.c.i.embedder.EclipseLogger - Using 'UTF-8' encoding to copy filtered resources.
2018-01-31 17:56:08,863 [Worker-5] INFO  o.e.m.c.i.embedder.EclipseLogger - skip non existing resourceDirectory D:\workspace2\Route\src\main\resources
2018-01-31 17:56:08,863 [Worker-5] INFO  o.e.m.c.i.embedder.EclipseLogger - skip non existing resourceDirectory D:\workspace2\Route\src\main\resources
2018-01-31 17:56:08,867 [Worker-5] INFO  o.e.m.c.i.embedder.EclipseLogger - Using 'UTF-8' encoding to copy filtered resources.
2018-01-31 17:56:08,868 [Worker-5] INFO  o.e.m.c.i.embedder.EclipseLogger - skip non existing resourceDirectory D:\workspace2\Route\src\test\resources
2018-01-31 17:57:08,911 [Worker-2] INFO  o.e.m.c.i.embedder.EclipseLogger - Using 'UTF-8' encoding to copy filtered resources.
2018-01-31 17:57:08,911 [Worker-2] INFO  o.e.m.c.i.embedder.EclipseLogger - skip non existing resourceDirectory D:\workspace2\Route\src\main\resources
2018-01-31 17:57:08,911 [Worker-2] INFO  o.e.m.c.i.embedder.EclipseLogger - skip non existing resourceDirectory D:\workspace2\Route\src\main\resources
2018-01-31 17:57:08,917 [Worker-2] INFO  o.e.m.c.i.embedder.EclipseLogger - Using 'UTF-8' encoding to copy filtered resources.
2018-01-31 17:57:08,917 [Worker-2] INFO  o.e.m.c.i.embedder.EclipseLogger - skip non existing resourceDirectory D:\workspace2\Route\src\test\resources
2018-01-31 17:57:52,969 [Worker-2] INFO  o.e.m.c.i.embedder.EclipseLogger - Using 'UTF-8' encoding to copy filtered resources.
2018-01-31 17:57:52,970 [Worker-2] INFO  o.e.m.c.i.embedder.EclipseLogger - skip non existing resourceDirectory D:\workspace2\Route\src\main\resources
2018-01-31 17:57:52,970 [Worker-2] INFO  o.e.m.c.i.embedder.EclipseLogger - skip non existing resourceDirectory D:\workspace2\Route\src\main\resources
2018-01-31 17:57:52,973 [Worker-2] INFO  o.e.m.c.i.embedder.EclipseLogger - Using 'UTF-8' encoding to copy filtered resources.
2018-01-31 17:57:52,974 [Worker-2] INFO  o.e.m.c.i.embedder.EclipseLogger - skip non existing resourceDirectory D:\workspace2\Route\src\test\resources
2018-01-31 17:58:10,190 [Worker-9] INFO  o.e.m.c.i.embedder.EclipseLogger - Using 'UTF-8' encoding to copy filtered resources.
2018-01-31 17:58:10,190 [Worker-9] INFO  o.e.m.c.i.embedder.EclipseLogger - skip non existing resourceDirectory D:\workspace2\Route\src\main\resources
2018-01-31 17:58:10,191 [Worker-9] INFO  o.e.m.c.i.embedder.EclipseLogger - skip non existing resourceDirectory D:\workspace2\Route\src\main\resources
2018-01-31 17:58:10,195 [Worker-9] INFO  o.e.m.c.i.embedder.EclipseLogger - Using 'UTF-8' encoding to copy filtered resources.
2018-01-31 17:58:10,197 [Worker-9] INFO  o.e.m.c.i.embedder.EclipseLogger - skip non existing resourceDirectory D:\workspace2\Route\src\test\resources
2018-01-31 17:58:50,157 [Worker-9] INFO  o.e.m.c.i.embedder.EclipseLogger - Using 'UTF-8' encoding to copy filtered resources.
2018-01-31 17:58:50,158 [Worker-9] INFO  o.e.m.c.i.embedder.EclipseLogger - skip non existing resourceDirectory D:\workspace2\Route\src\main\resources
2018-01-31 17:58:50,158 [Worker-9] INFO  o.e.m.c.i.embedder.EclipseLogger - skip non existing resourceDirectory D:\workspace2\Route\src\main\resources
2018-01-31 17:58:50,161 [Worker-9] INFO  o.e.m.c.i.embedder.EclipseLogger - Using 'UTF-8' encoding to copy filtered resources.
2018-01-31 17:58:50,161 [Worker-9] INFO  o.e.m.c.i.embedder.EclipseLogger - skip non existing resourceDirectory D:\workspace2\Route\src\test\resources
2018-01-31 17:59:29,637 [Worker-15] INFO  o.e.m.c.i.embedder.EclipseLogger - Using 'UTF-8' encoding to copy filtered resources.
2018-01-31 17:59:29,638 [Worker-15] INFO  o.e.m.c.i.embedder.EclipseLogger - skip non existing resourceDirectory D:\workspace2\Route\src\main\resources
2018-01-31 17:59:29,638 [Worker-15] INFO  o.e.m.c.i.embedder.EclipseLogger - skip non existing resourceDirectory D:\workspace2\Route\src\main\resources
2018-01-31 17:59:29,653 [Worker-15] INFO  o.e.m.c.i.embedder.EclipseLogger - Using 'UTF-8' encoding to copy filtered resources.
2018-01-31 17:59:29,653 [Worker-15] INFO  o.e.m.c.i.embedder.EclipseLogger - skip non existing resourceDirectory D:\workspace2\Route\src\test\resources
2018-01-31 18:00:50,858 [Worker-6] INFO  o.e.m.c.i.embedder.EclipseLogger - Using 'UTF-8' encoding to copy filtered resources.
2018-01-31 18:00:50,859 [Worker-6] INFO  o.e.m.c.i.embedder.EclipseLogger - skip non existing resourceDirectory D:\workspace2\Route\src\main\resources
2018-01-31 18:00:50,859 [Worker-6] INFO  o.e.m.c.i.embedder.EclipseLogger - skip non existing resourceDirectory D:\workspace2\Route\src\main\resources
2018-01-31 18:00:50,861 [Worker-6] INFO  o.e.m.c.i.embedder.EclipseLogger - Using 'UTF-8' encoding to copy filtered resources.
2018-01-31 18:00:50,862 [Worker-6] INFO  o.e.m.c.i.embedder.EclipseLogger - skip non existing resourceDirectory D:\workspace2\Route\src\test\resources
2018-01-31 18:01:23,569 [Worker-0] INFO  o.e.m.c.i.embedder.EclipseLogger - Using 'UTF-8' encoding to copy filtered resources.
2018-01-31 18:01:23,569 [Worker-0] INFO  o.e.m.c.i.embedder.EclipseLogger - skip non existing resourceDirectory D:\workspace2\Route\src\main\resources
2018-01-31 18:01:23,569 [Worker-0] INFO  o.e.m.c.i.embedder.EclipseLogger - skip non existing resourceDirectory D:\workspace2\Route\src\main\resources
2018-01-31 18:01:23,572 [Worker-0] INFO  o.e.m.c.i.embedder.EclipseLogger - Using 'UTF-8' encoding to copy filtered resources.
2018-01-31 18:01:23,573 [Worker-0] INFO  o.e.m.c.i.embedder.EclipseLogger - skip non existing resourceDirectory D:\workspace2\Route\src\test\resources
2018-01-31 18:01:28,818 [Worker-16] INFO  o.e.m.c.i.embedder.EclipseLogger - Using 'UTF-8' encoding to copy filtered resources.
2018-01-31 18:01:28,819 [Worker-16] INFO  o.e.m.c.i.embedder.EclipseLogger - skip non existing resourceDirectory D:\workspace2\Route\src\main\resources
2018-01-31 18:01:28,819 [Worker-16] INFO  o.e.m.c.i.embedder.EclipseLogger - skip non existing resourceDirectory D:\workspace2\Route\src\main\resources
2018-01-31 18:01:28,823 [Worker-16] INFO  o.e.m.c.i.embedder.EclipseLogger - Using 'UTF-8' encoding to copy filtered resources.
2018-01-31 18:01:28,823 [Worker-16] INFO  o.e.m.c.i.embedder.EclipseLogger - skip non existing resourceDirectory D:\workspace2\Route\src\test\resources
2018-01-31 18:03:26,254 [Worker-16] INFO  o.e.m.c.i.embedder.EclipseLogger - Using 'UTF-8' encoding to copy filtered resources.
2018-01-31 18:03:26,255 [Worker-16] INFO  o.e.m.c.i.embedder.EclipseLogger - skip non existing resourceDirectory D:\workspace2\Route\src\main\resources
2018-01-31 18:03:26,255 [Worker-16] INFO  o.e.m.c.i.embedder.EclipseLogger - skip non existing resourceDirectory D:\workspace2\Route\src\main\resources
2018-01-31 18:03:26,260 [Worker-16] INFO  o.e.m.c.i.embedder.EclipseLogger - Using 'UTF-8' encoding to copy filtered resources.
2018-01-31 18:03:26,260 [Worker-16] INFO  o.e.m.c.i.embedder.EclipseLogger - skip non existing resourceDirectory D:\workspace2\Route\src\test\resources
2018-01-31 18:09:56,840 [Worker-3] INFO  o.e.m.c.i.embedder.EclipseLogger - Using 'UTF-8' encoding to copy filtered resources.
2018-01-31 18:09:56,846 [Worker-3] INFO  o.e.m.c.i.embedder.EclipseLogger - skip non existing resourceDirectory D:\workspace2\Route\src\main\resources
2018-01-31 18:09:56,847 [Worker-3] INFO  o.e.m.c.i.embedder.EclipseLogger - skip non existing resourceDirectory D:\workspace2\Route\src\main\resources
2018-01-31 18:09:56,855 [Worker-3] INFO  o.e.m.c.i.embedder.EclipseLogger - Using 'UTF-8' encoding to copy filtered resources.
2018-01-31 18:09:56,855 [Worker-3] INFO  o.e.m.c.i.embedder.EclipseLogger - skip non existing resourceDirectory D:\workspace2\Route\src\test\resources
2018-01-31 18:18:13,289 [Worker-22] INFO  o.e.m.c.i.embedder.EclipseLogger - Using 'UTF-8' encoding to copy filtered resources.
2018-01-31 18:18:13,290 [Worker-22] INFO  o.e.m.c.i.embedder.EclipseLogger - skip non existing resourceDirectory D:\workspace2\Route\src\main\resources
2018-01-31 18:18:13,290 [Worker-22] INFO  o.e.m.c.i.embedder.EclipseLogger - skip non existing resourceDirectory D:\workspace2\Route\src\main\resources
2018-01-31 18:18:13,293 [Worker-22] INFO  o.e.m.c.i.embedder.EclipseLogger - Using 'UTF-8' encoding to copy filtered resources.
2018-01-31 18:18:13,293 [Worker-22] INFO  o.e.m.c.i.embedder.EclipseLogger - skip non existing resourceDirectory D:\workspace2\Route\src\test\resources
